********************************************************************************
DUPLICATOR-LITE PACKAGE-LOG: 28th March 2019 2:51 pm
NOTICE: Do NOT post to public sites or forums 
********************************************************************************
VERSION:	1.3.10
WORDPRESS:	5.1.1
PHP INFO:	7.2.1 | SAPI: cli-server
SERVER:		PHP 7.2.1 Development Server 
PHP TIME LIMIT: (0) no time limit imposed 
PHP MAX MEMORY: 4294967296 (128M default) 
MEMORY STACK: 2MB 

********************************************************************************
DATABASE:
********************************************************************************
BUILD MODE:   MYSQLDUMP
MYSQLTIMEOUT: 5000
MYSQLDUMP:    Is Supported 
SQL CREATED: 20190328_rianhughesdevicefonts_a43d3c4f72e861005264_20190328145014_database.sql 
SQL FILE SIZE: 140.77KB (144152) 
SQL FILE TIME: 2019-03-28 14:51:49 
SQL RUNTIME: 7.90 sec. 

******************************************************************************** 
ARCHIVE (ZIP): 
******************************************************************************** 
ARCHIVE DIR:  C:/xampp/htdocs/h/rhughes/devicesfont_wp 
ARCHIVE FILE: 20190328_rianhughesdevicefonts_a43d3c4f72e861005264_20190328145014_archive.zip 
FILTERS: *OFF* 
DIRS:
	not set 
FILES:
	not set 
EXTS:  not set 
---------------------------------------- 
COMPRESSING 
SIZE:	47.27MB 
STATS:	Dirs 238 | Files 2,078 
SQL ADDED: 20190328_rianhughesdevicefonts_a43d3c4f72e861005264_20190328145014_database.sql 
ZipArchive Object
(
    [status] => 0
    [statusSys] => 0
    [numFiles] => 2316
    [filename] => C:\xampp\htdocs\h\rhughes\devicesfont_wp\wp-snapshots\tmp\20190328_rianhughesdevicefonts_a43d3c4f72e861005264_20190328145014_archive.zip
    [comment] => 
)
 
FILE ADDED TO ZIP: 2315 
COMPRESSION RESULT: '1' 
COMPRESSED SIZE: 15.49MB 
ARCHIVE RUNTIME: 141.59 sec. 
MEMORY STACK: 2MB 
building installer 
add_extra_files1 
add_extra_files2 
add_extra_files3 
add_extra_files4 
Doing archive file check 
add_extra_files5 
add_extra_files6 
add_extra_files8 
Successfully opened zip C:/xampp/htdocs/h/rhughes/devicesfont_wp/wp-snapshots/tmp/20190328_rianhughesdevicefonts_a43d3c4f72e861005264_20190328145014_archive.zip 
Adding enhanced installer files to archive using ZipArchive 
Installer files added to archive 
Added to archive 
After ziparchive close when adding installer 

******************************************************************************** 
INTEGRITY CHECKS: 
******************************************************************************** 
SQL FILE: 140.77KB 
INSTALLER FILE: 207.33KB 
ARCHIVE FILE: 16.43MB  
EXPECTED FILE/DIRECTORY COUNT: 2,316 
ACTUAL FILE/DIRECTORY COUNT: 2,315 
ARCHIVE CONSISTENCY TEST: Pass 

********************************************************************************
RECORD ID:[1]
TOTAL PROCESS RUNTIME: 155.15 sec.
PEAK PHP MEMORY USED: 2MB
DONE PROCESSING => 20190328_rianhughesdevicefonts 28th March 2019 2:54 pm
 
